mode: set
github.com/Kritsana135/assessment/expense/usecase/expense_ucase.go:18.90,20.16 2 1
github.com/Kritsana135/assessment/expense/usecase/expense_ucase.go:25.2,25.22 1 1
github.com/Kritsana135/assessment/expense/usecase/expense_ucase.go:20.16,23.3 2 1
github.com/Kritsana135/assessment/expense/usecase/expense_ucase.go:30.130,40.16 3 0
github.com/Kritsana135/assessment/expense/usecase/expense_ucase.go:48.2,48.21 1 0
github.com/Kritsana135/assessment/expense/usecase/expense_ucase.go:40.16,42.36 2 0
github.com/Kritsana135/assessment/expense/usecase/expense_ucase.go:45.3,45.42 1 0
github.com/Kritsana135/assessment/expense/usecase/expense_ucase.go:42.36,44.4 1 0
github.com/Kritsana135/assessment/expense/usecase/expense_ucase.go:53.103,55.16 2 0
github.com/Kritsana135/assessment/expense/usecase/expense_ucase.go:63.2,63.21 1 0
github.com/Kritsana135/assessment/expense/usecase/expense_ucase.go:55.16,57.36 2 0
github.com/Kritsana135/assessment/expense/usecase/expense_ucase.go:60.3,60.42 1 0
github.com/Kritsana135/assessment/expense/usecase/expense_ucase.go:57.36,59.4 1 0
github.com/Kritsana135/assessment/expense/usecase/expense_ucase.go:68.118,77.16 3 0
github.com/Kritsana135/assessment/expense/usecase/expense_ucase.go:82.2,82.21 1 0
github.com/Kritsana135/assessment/expense/usecase/expense_ucase.go:77.16,80.3 2 0
github.com/Kritsana135/assessment/expense/usecase/expense_ucase.go:85.80,89.2 1 1
github.com/Kritsana135/assessment/expense/delivery/http_/expense_handler.go:17.76,23.2 3 0
github.com/Kritsana135/assessment/expense/delivery/http_/expense_handler.go:23.2,28.3 4 0
github.com/Kritsana135/assessment/expense/delivery/http_/expense_handler.go:32.56,35.48 2 1
github.com/Kritsana135/assessment/expense/delivery/http_/expense_handler.go:40.2,41.16 2 1
github.com/Kritsana135/assessment/expense/delivery/http_/expense_handler.go:47.2,47.33 1 1
github.com/Kritsana135/assessment/expense/delivery/http_/expense_handler.go:35.48,38.3 2 1
github.com/Kritsana135/assessment/expense/delivery/http_/expense_handler.go:41.16,45.3 3 1
github.com/Kritsana135/assessment/expense/delivery/http_/expense_handler.go:50.56,52.16 2 1
github.com/Kritsana135/assessment/expense/delivery/http_/expense_handler.go:58.2,58.30 1 1
github.com/Kritsana135/assessment/expense/delivery/http_/expense_handler.go:52.16,56.3 3 1
github.com/Kritsana135/assessment/expense/delivery/http_/expense_handler.go:61.60,64.16 3 1
github.com/Kritsana135/assessment/expense/delivery/http_/expense_handler.go:70.2,71.16 2 1
github.com/Kritsana135/assessment/expense/delivery/http_/expense_handler.go:77.2,77.30 1 1
github.com/Kritsana135/assessment/expense/delivery/http_/expense_handler.go:64.16,68.3 3 1
github.com/Kritsana135/assessment/expense/delivery/http_/expense_handler.go:71.16,75.3 3 1
github.com/Kritsana135/assessment/expense/delivery/http_/expense_handler.go:80.58,83.16 3 1
github.com/Kritsana135/assessment/expense/delivery/http_/expense_handler.go:89.2,90.50 2 1
github.com/Kritsana135/assessment/expense/delivery/http_/expense_handler.go:95.2,96.16 2 1
github.com/Kritsana135/assessment/expense/delivery/http_/expense_handler.go:102.2,102.30 1 1
github.com/Kritsana135/assessment/expense/delivery/http_/expense_handler.go:83.16,87.3 3 1
github.com/Kritsana135/assessment/expense/delivery/http_/expense_handler.go:90.50,93.3 2 1
github.com/Kritsana135/assessment/expense/delivery/http_/expense_handler.go:96.16,100.3 3 1
github.com/Kritsana135/assessment/expense/repository/postgresql/postgresql_expense.go:15.87,22.2 4 1
github.com/Kritsana135/assessment/expense/repository/postgresql/postgresql_expense.go:25.105,29.21 3 1
github.com/Kritsana135/assessment/expense/repository/postgresql/postgresql_expense.go:33.2,33.26 1 1
github.com/Kritsana135/assessment/expense/repository/postgresql/postgresql_expense.go:37.2,37.12 1 1
github.com/Kritsana135/assessment/expense/repository/postgresql/postgresql_expense.go:29.21,31.3 1 0
github.com/Kritsana135/assessment/expense/repository/postgresql/postgresql_expense.go:33.26,35.3 1 1
github.com/Kritsana135/assessment/expense/repository/postgresql/postgresql_expense.go:41.100,48.2 4 1
github.com/Kritsana135/assessment/expense/repository/postgresql/postgresql_expense.go:50.87,54.2 2 1
github.com/Kritsana135/assessment/expense/repository/postgresql/postgresql_expense.go:56.59,60.2 1 1
