mode: set
github.com/Kritsana135/assessment/expense/usecase/expense_ucase.go:18.90,20.16 2 1
github.com/Kritsana135/assessment/expense/usecase/expense_ucase.go:25.2,25.22 1 1
github.com/Kritsana135/assessment/expense/usecase/expense_ucase.go:20.16,23.3 2 1
github.com/Kritsana135/assessment/expense/usecase/expense_ucase.go:29.130,39.16 3 0
github.com/Kritsana135/assessment/expense/usecase/expense_ucase.go:47.2,47.21 1 0
github.com/Kritsana135/assessment/expense/usecase/expense_ucase.go:39.16,41.36 2 0
github.com/Kritsana135/assessment/expense/usecase/expense_ucase.go:44.3,44.42 1 0
github.com/Kritsana135/assessment/expense/usecase/expense_ucase.go:41.36,43.4 1 0
github.com/Kritsana135/assessment/expense/usecase/expense_ucase.go:51.103,53.16 2 0
github.com/Kritsana135/assessment/expense/usecase/expense_ucase.go:61.2,61.21 1 0
github.com/Kritsana135/assessment/expense/usecase/expense_ucase.go:53.16,55.36 2 0
github.com/Kritsana135/assessment/expense/usecase/expense_ucase.go:58.3,58.42 1 0
github.com/Kritsana135/assessment/expense/usecase/expense_ucase.go:55.36,57.4 1 0
github.com/Kritsana135/assessment/expense/usecase/expense_ucase.go:65.118,74.16 3 0
github.com/Kritsana135/assessment/expense/usecase/expense_ucase.go:79.2,79.21 1 0
github.com/Kritsana135/assessment/expense/usecase/expense_ucase.go:74.16,77.3 2 0
github.com/Kritsana135/assessment/expense/usecase/expense_ucase.go:82.80,86.2 1 1
github.com/Kritsana135/assessment/expense/delivery/http_/expense_handler.go:17.76,23.2 3 0
github.com/Kritsana135/assessment/expense/delivery/http_/expense_handler.go:23.2,28.3 4 0
github.com/Kritsana135/assessment/expense/delivery/http_/expense_handler.go:32.56,35.48 2 1
github.com/Kritsana135/assessment/expense/delivery/http_/expense_handler.go:40.2,41.16 2 1
github.com/Kritsana135/assessment/expense/delivery/http_/expense_handler.go:47.2,47.33 1 1
github.com/Kritsana135/assessment/expense/delivery/http_/expense_handler.go:35.48,38.3 2 1
github.com/Kritsana135/assessment/expense/delivery/http_/expense_handler.go:41.16,45.3 3 1
github.com/Kritsana135/assessment/expense/delivery/http_/expense_handler.go:50.56,52.16 2 1
github.com/Kritsana135/assessment/expense/delivery/http_/expense_handler.go:58.2,58.30 1 1
github.com/Kritsana135/assessment/expense/delivery/http_/expense_handler.go:52.16,56.3 3 1
github.com/Kritsana135/assessment/expense/delivery/http_/expense_handler.go:61.60,64.16 3 1
github.com/Kritsana135/assessment/expense/delivery/http_/expense_handler.go:70.2,71.16 2 1
github.com/Kritsana135/assessment/expense/delivery/http_/expense_handler.go:77.2,77.30 1 1
github.com/Kritsana135/assessment/expense/delivery/http_/expense_handler.go:64.16,68.3 3 1
github.com/Kritsana135/assessment/expense/delivery/http_/expense_handler.go:71.16,75.3 3 1
github.com/Kritsana135/assessment/expense/delivery/http_/expense_handler.go:80.58,83.16 3 1
github.com/Kritsana135/assessment/expense/delivery/http_/expense_handler.go:89.2,90.50 2 1
github.com/Kritsana135/assessment/expense/delivery/http_/expense_handler.go:95.2,96.16 2 1
github.com/Kritsana135/assessment/expense/delivery/http_/expense_handler.go:102.2,102.30 1 1
github.com/Kritsana135/assessment/expense/delivery/http_/expense_handler.go:83.16,87.3 3 1
github.com/Kritsana135/assessment/expense/delivery/http_/expense_handler.go:90.50,93.3 2 1
github.com/Kritsana135/assessment/expense/delivery/http_/expense_handler.go:96.16,100.3 3 1
